<?xml version="1.0" encoding="UTF-8"?>
<!-- Generated by org.testng.reporters.JUnitXMLReporter -->
<testsuite hostname="dell1" name="Check whether Premium Calculator functionality is accessible." tests="4" failures="0" timestamp="28 Oct 2017 06:04:09 GMT" time="21.563" errors="0">
  <testcase name="Launch" time="15.097" classname="org.ejagruti.investcorp.LaunchApp"/>
  <testcase name="Execute" time="4.582" classname="org.ejagruti.investcorp.AdminLogin"/>
  <testcase name="Execute" time="1.717" classname="org.ejagruti.investcorp.Navigation"/>
  <testcase name="Execute" time="0.0" classname="org.ejagruti.investcorp.premiumcalculator">
    <skipped/>
  </testcase> <!-- Execute -->
</testsuite> <!-- Check whether Premium Calculator functionality is accessible. -->
