<?xml version="1.0" encoding="UTF-8"?>
<!-- Generated by org.testng.reporters.JUnitXMLReporter -->
<testsuite hostname="dell1" name="Launching the InvestCorp Application URL" tests="1" failures="1" timestamp="23 Jul 2017 04:20:32 GMT" time="0.406" errors="0">
  <testcase name="Launch" time="0.344" classname="org.ejagruti.investcorp.LaunchApp">
    <failure type="java.lang.IllegalStateException" message="The driver executable does not exist: C:\WS_ejagruti\InvestCorp\AllDrivers\geckodriver32bit.exe">
      <![CDATA[java.lang.IllegalStateException: The driver executable does not exist: C:\WS_ejagruti\InvestCorp\AllDrivers\geckodriver32bit.exe
	at com.google.common.base.Preconditions.checkState(Preconditions.java:199)
	at org.openqa.selenium.remote.service.DriverService.checkExecutable(DriverService.java:121)
	at org.openqa.selenium.remote.service.DriverService.findExecutable(DriverService.java:116)
	at org.openqa.selenium.firefox.GeckoDriverService.access$000(GeckoDriverService.java:37)
	at org.openqa.selenium.firefox.GeckoDriverService$Builder.findDefaultExecutable(GeckoDriverService.java:95)
	at org.openqa.selenium.remote.service.DriverService$Builder.build(DriverService.java:296)
	at org.openqa.selenium.firefox.FirefoxDriver.createCommandExecutor(FirefoxDriver.java:277)
	at org.openqa.selenium.firefox.FirefoxDriver.<init>(FirefoxDriver.java:247)
	at org.openqa.selenium.firefox.FirefoxDriver.<init>(FirefoxDriver.java:242)
	at org.openqa.selenium.firefox.FirefoxDriver.<init>(FirefoxDriver.java:238)
	at org.openqa.selenium.firefox.FirefoxDriver.<init>(FirefoxDriver.java:127)
	at org.ejagruti.investcorp.LaunchApp.Launch(LaunchApp.java:16)
... Removed 24 stack frames]]>
    </failure>
  </testcase> <!-- Launch -->
</testsuite> <!-- Launching the InvestCorp Application URL -->
