<?xml version="1.0" encoding="UTF-8"?>
<!-- Generated by org.testng.reporters.JUnitXMLReporter -->
<testsuite hostname="dell1" name="Login to the Application with Valid Credentials" tests="2" failures="0" timestamp="2 Jan 2018 06:08:54 GMT" time="44.267" errors="0">
  <testcase name="TESTCASE1" time="29.438" classname="org.ejagruti.testcases.TESTCASE1"/>
  <testcase name="TESTCASE2" time="14.776" classname="org.ejagruti.testcases.TESTCASE2"/>
</testsuite> <!-- Login to the Application with Valid Credentials -->
